#
# There is insufficient memory for the Java Runtime Environment to continue.
# Native memory allocation (mmap) failed to map 268435456 bytes for Failed to commit area from 0x0000000701a00000 to 0x0000000711a00000 of length 268435456.
# Possible reasons:
#   The system is out of physical RAM or swap space
#   The process is running with CompressedOops enabled, and the Java Heap may be blocking the growth of the native heap
# Possible solutions:
#   Reduce memory load on the system
#   Increase physical memory or swap space
#   Check if swap backing store is full
#   Decrease Java heap size (-Xmx/-Xms)
#   Decrease number of Java threads
#   Decrease Java thread stack sizes (-Xss)
#   Set larger code cache with -XX:ReservedCodeCacheSize=
# This output file may be truncated or incomplete.
#
#  Out of Memory Error (c:/BuildAgent/work/5ff2f6c26000d570/src/hotspot/os/windows/os_windows.cpp:3272), pid=7020, tid=29440
#
# JRE version:  (11.0.3+12) (build )
# Java VM: OpenJDK 64-Bit Server VM (11.0.3+12-b304.39, mixed mode, aot, sharing, tiered, compressed oops, g1 gc, windows-amd64)
# No core dump will be written. Minidumps are not enabled by default on client versions of Windows
#

---------------  S U M M A R Y ------------

Command Line: -XX:TieredStopAtLevel=1 -Xverify:none -Dspring.output.ansi.enabled=always -Dcom.sun.management.jmxremote -Dspring.jmx.enabled=true -Dspring.liveBeansView.mbeanDomain -Dspring.application.admin.enabled=true -javaagent:C:\Program Files\JetBrains\IntelliJ IDEA 2019.2.1\lib\idea_rt.jar=49400:C:\Program Files\JetBrains\IntelliJ IDEA 2019.2.1\bin -Dfile.encoding=UTF-8 kong.training.rest.KongApplication

Host: Intel(R) Core(TM) i7-8750H CPU @ 2.20GHz, 12 cores, 15G,  Windows 10 , 64 bit Build 17134 (10.0.17134.753)
Time: Sat Dec 21 14:26:39 2019 ?D1¨²¡À¨º¡Á?¨º¡À?? elapsed time: 0 seconds (0d 0h 0m 0s)

---------------  T H R E A D  ---------------

Current thread (0x0000029c0c2a0000):  JavaThread "Unknown thread" [_thread_in_vm, id=29440, stack(0x000000e63c500000,0x000000e63c600000)]

Stack: [0x000000e63c500000,0x000000e63c600000]
Native frames: (J=compiled Java code, j=interpreted, Vv=VM code, C=native code)
V  [jvm.dll+0x5da77a]
V  [jvm.dll+0x70b9c9]
V  [jvm.dll+0x70cee8]
V  [jvm.dll+0x70d5b3]
V  [jvm.dll+0x23ddc8]
V  [jvm.dll+0x5d7ef4]
V  [jvm.dll+0x5ccfc5]
V  [jvm.dll+0x2fa44b]
V  [jvm.dll+0x2fa3ba]
V  [jvm.dll+0x2fa292]
V  [jvm.dll+0x2ff156]
V  [jvm.dll+0x3474c3]
V  [jvm.dll+0x347bc6]
V  [jvm.dll+0x3475c3]
V  [jvm.dll+0x2d4f68]
V  [jvm.dll+0x2d6107]
V  [jvm.dll+0x6eabf7]
V  [jvm.dll+0x6ec38c]
V  [jvm.dll+0x354c29]
V  [jvm.dll+0x6d28ae]
V  [jvm.dll+0x3bd363]
V  [jvm.dll+0x3bf7a1]
C  [java.exe+0x3763]
C  [java.exe+0x17a0c]
C  [KERNEL32.DLL+0x14034]
C  [ntdll.dll+0x73691]


---------------  P R O C E S S  ---------------

Threads class SMR info:
_java_thread_list=0x0000029c0a1dbd40, length=0, elements={
}

Java Threads: ( => current thread )

Other Threads:
  0x0000029c0c2ba000 GCTaskThread "GC Thread#0" [stack: 0x000000e63c600000,0x000000e63c700000] [id=18736]
  0x0000029c0c317000 ConcurrentGCThread "G1 Main Marker" [stack: 0x000000e63c700000,0x000000e63c800000] [id=7376]
  0x0000029c0c31a800 ConcurrentGCThread "G1 Conc#0" [stack: 0x000000e63c800000,0x000000e63c900000] [id=28280]

[error occurred during error reporting (printing all threads), id 0xc0000005, EXCEPTION_ACCESS_VIOLATION (0xc0000005) at pc=0x00007fff386b5507]

VM state:not at safepoint (not fully initialized)

VM Mutex/Monitor currently owned by a thread:  ([mutex/lock_event])
[0x0000029c0c29e5a0] Heap_lock - owner thread: 0x0000029c0c2a0000

Heap address: 0x0000000701a00000, size: 4070 MB, Compressed Oops mode: Non-zero based: 0x0000000701a00000
Narrow klass base: 0x0000000000000000, Narrow klass shift: 0

GC Heap History (0 events):
No events

Deoptimization events (0 events):
No events

Classes redefined (0 events):
No events

Internal exceptions (0 events):
No events

Events (0 events):
No events


Dynamic libraries:
0x00007ff6c45f0000 - 0x00007ff6c4637000 	C:\Program Files\JetBrains\IntelliJ IDEA 2019.2.1\jbr\bin\java.exe
0x00007fff7fce0000 - 0x00007fff7fec1000 	C:\Windows\SYSTEM32\ntdll.dll
0x00007fff7ddc0000 - 0x00007fff7de71000 	C:\Windows\System32\KERNEL32.DLL
0x00007fff7ca10000 - 0x00007fff7cc83000 	C:\Windows\System32\KERNELBASE.dll
0x00007fff7e0b0000 - 0x00007fff7e241000 	C:\Windows\System32\USER32.dll
0x00007fff7c800000 - 0x00007fff7c820000 	C:\Windows\System32\win32u.dll
0x00007fff7fa30000 - 0x00007fff7fa58000 	C:\Windows\System32\GDI32.dll
0x00007fff7cfb0000 - 0x00007fff7d141000 	C:\Windows\System32\gdi32full.dll
0x00007fff7cd40000 - 0x00007fff7cddf000 	C:\Windows\System32\msvcp_win.dll
0x00007fff7cde0000 - 0x00007fff7ced8000 	C:\Windows\System32\ucrtbase.dll
0x00007fff6dd10000 - 0x00007fff6df79000 	C:\Windows\WinSxS\amd64_microsoft.windows.common-controls_6595b64144ccf1df_6.0.17134.1184_none_d403e8b37c8ca406\COMCTL32.dll
0x00007fff7e250000 - 0x00007fff7e2ee000 	C:\Windows\System32\msvcrt.dll
0x00007fff7d590000 - 0x00007fff7d8b1000 	C:\Windows\System32\combase.dll
0x00007fff7d460000 - 0x00007fff7d584000 	C:\Windows\System32\RPCRT4.dll
0x00007fff7cee0000 - 0x00007fff7cf59000 	C:\Windows\System32\bcryptPrimitives.dll
0x00007fff7e010000 - 0x00007fff7e03d000 	C:\Windows\System32\IMM32.DLL
0x00007fff64b60000 - 0x00007fff64b77000 	C:\Program Files\JetBrains\IntelliJ IDEA 2019.2.1\jbr\bin\vcruntime140.dll
0x00007fff54a90000 - 0x00007fff54b2d000 	C:\Program Files\JetBrains\IntelliJ IDEA 2019.2.1\jbr\bin\msvcp140.dll
0x00007fff383d0000 - 0x00007fff38e87000 	C:\Program Files\JetBrains\IntelliJ IDEA 2019.2.1\jbr\bin\server\jvm.dll
0x00007fff7d8c0000 - 0x00007fff7d961000 	C:\Windows\System32\ADVAPI32.dll
0x00007fff7e4d0000 - 0x00007fff7e52b000 	C:\Windows\System32\sechost.dll
0x00007fff7e000000 - 0x00007fff7e008000 	C:\Windows\System32\PSAPI.DLL
0x00007fff71dc0000 - 0x00007fff71dc9000 	C:\Windows\SYSTEM32\WSOCK32.dll
0x00007fff77100000 - 0x00007fff77123000 	C:\Windows\SYSTEM32\WINMM.dll
0x00007fff74ee0000 - 0x00007fff74eea000 	C:\Windows\SYSTEM32\VERSION.dll
0x00007fff7e040000 - 0x00007fff7e0ac000 	C:\Windows\System32\WS2_32.dll
0x00007fff770d0000 - 0x00007fff770fa000 	C:\Windows\SYSTEM32\winmmbase.dll
0x00007fff7cf60000 - 0x00007fff7cfa9000 	C:\Windows\System32\cfgmgr32.dll
0x00007fff7c070000 - 0x00007fff7c081000 	C:\Windows\System32\kernel.appcore.dll
0x00007fff71b50000 - 0x00007fff71b61000 	C:\Program Files\JetBrains\IntelliJ IDEA 2019.2.1\jbr\bin\verify.dll
0x00007fff71750000 - 0x00007fff71919000 	C:\Windows\SYSTEM32\DBGHELP.DLL
0x00007fff68400000 - 0x00007fff68429000 	C:\Windows\SYSTEM32\dbgcore.DLL
0x00007fff6b700000 - 0x00007fff6b729000 	C:\Program Files\JetBrains\IntelliJ IDEA 2019.2.1\jbr\bin\java.dll
0x00007fff5ffd0000 - 0x00007fff60004000 	C:\Program Files\JetBrains\IntelliJ IDEA 2019.2.1\jbr\bin\instrument.dll
0x00007fff6d790000 - 0x00007fff6d7a7000 	C:\Program Files\JetBrains\IntelliJ IDEA 2019.2.1\jbr\bin\zip.dll
0x00007fff71c10000 - 0x00007fff71c1b000 	C:\Program Files\JetBrains\IntelliJ IDEA 2019.2.1\jbr\bin\jimage.dll

dbghelp: loaded successfully - version: 4.0.5 - missing functions: none
symbol engine: initialized successfully - sym options: 0x614 - pdb path: .;C:\Program Files\JetBrains\IntelliJ IDEA 2019.2.1\jbr\bin;C:\Windows\SYSTEM32;C:\Windows\WinSxS\amd64_microsoft.windows.common-controls_6595b64144ccf1df_6.0.17134.1184_none_d403e8b37c8ca406;C:\Program Files\JetBrains\IntelliJ IDEA 2019.2.1\jbr\bin\server

VM Arguments:
jvm_args: -XX:TieredStopAtLevel=1 -Xverify:none -Dspring.output.ansi.enabled=always -Dcom.sun.management.jmxremote -Dspring.jmx.enabled=true -Dspring.liveBeansView.mbeanDomain -Dspring.application.admin.enabled=true -javaagent:C:\Program Files\JetBrains\IntelliJ IDEA 2019.2.1\lib\idea_rt.jar=49400:C:\Program Files\JetBrains\IntelliJ IDEA 2019.2.1\bin -Dfile.encoding=UTF-8 
java_command: kong.training.rest.KongApplication
java_class_path (initial): C:\Beisen\kong.training\kong\target\classes;C:\Users\TAO\.m2\repository\org\springframework\boot\spring-boot-starter-web\2.2.3.BUILD-SNAPSHOT\spring-boot-starter-web-2.2.3.BUILD-SNAPSHOT.jar;C:\Users\TAO\.m2\repository\org\springframework\boot\spring-boot-starter\2.2.3.BUILD-SNAPSHOT\spring-boot-starter-2.2.3.BUILD-SNAPSHOT.jar;C:\Users\TAO\.m2\repository\org\springframework\boot\spring-boot\2.2.3.BUILD-SNAPSHOT\spring-boot-2.2.3.BUILD-SNAPSHOT.jar;C:\Users\TAO\.m2\repository\org\springframework\boot\spring-boot-autoconfigure\2.2.3.BUILD-SNAPSHOT\spring-boot-autoconfigure-2.2.3.BUILD-SNAPSHOT.jar;C:\Users\TAO\.m2\repository\org\springframework\boot\spring-boot-starter-logging\2.2.3.BUILD-SNAPSHOT\spring-boot-starter-logging-2.2.3.BUILD-SNAPSHOT.jar;C:\Users\TAO\.m2\repository\ch\qos\logback\logback-classic\1.2.3\logback-classic-1.2.3.jar;C:\Users\TAO\.m2\repository\ch\qos\logback\logback-core\1.2.3\logback-core-1.2.3.jar;C:\Users\TAO\.m2\repository\org\apache\logging\log4j\log4j-to-slf4j\2.12.1\log4j-to-slf4j-2.12.1.jar;C:\Users\TAO\.m2\repository\org\apache\logging\log4j\log4j-api\2.12.1\log4j-api-2.12.1.jar;C:\Users\TAO\.m2\repository\org\slf4j\jul-to-slf4j\1.7.29\jul-to-slf4j-1.7.29.jar;C:\Users\TAO\.m2\repository\jakarta\annotation\jakarta.annotation-api\1.3.5\jakarta.annotation-api-1.3.5.jar;C:\Users\TAO\.m2\repository\org\yaml\snakeyaml\1.25\snakeyaml-1.25.jar;C:\Users\TAO\.m2\repository\org\springframework\boot\spring-boot-starter-json\2.2.3.BUILD-SNAPSHOT\spring-boot-starter-json-2.2.3.BUILD-SNAPSHOT.jar;C:\Users\TAO\.m2\repository\com\fasterxml\jackson\core\jackson-databind\2.10.1\jackson-databind-2.10.1.jar;C:\Users\TAO\.m2\repository\com\fasterxml\jackson\core\jackson-annotations\2.10.1\jackson-annotations-2.10.1.jar;C:\Users\TAO\.m2\repository\com\fasterxml\jackson\core\jackson-core\2.10.1\jackson-core-2.10.1.jar;C:\Users\TAO\.m2\repository\com\fasterxml\jackson\datatype\jackson-datatype-jdk8\2.10.1\jackson-datatype-jdk8-2.10
Launcher Type: SUN_STANDARD

[Global flags]
     bool BytecodeVerificationLocal                = false                                     {product} {command line}
     bool BytecodeVerificationRemote               = false                                     {product} {command line}
     intx CICompilerCount                          = 4                                         {product} {ergonomic}
     uint ConcGCThreads                            = 3                                         {product} {ergonomic}
     uint G1ConcRefinementThreads                  = 10                                        {product} {ergonomic}
   size_t G1HeapRegionSize                         = 1048576                                   {product} {ergonomic}
    uintx GCDrainStackTargetSize                   = 64                                        {product} {ergonomic}
   size_t InitialHeapSize                          = 268435456                                 {product} {ergonomic}
     bool ManagementServer                         = true                                      {product} {command line}
   size_t MarkStackSize                            = 4194304                                   {product} {ergonomic}
   size_t MaxHeapSize                              = 4267704320                                {product} {ergonomic}
   size_t MinHeapDeltaBytes                        = 1048576                                   {product} {ergonomic}
    uintx NonNMethodCodeHeapSize                   = 7549744                                {pd product} {ergonomic}
    uintx NonProfiledCodeHeapSize                  = 244108496                              {pd product} {ergonomic}
    uintx ProfiledCodeHeapSize                     = 0                                      {pd product} {ergonomic}
    uintx ReservedCodeCacheSize                    = 251658240                              {pd product} {ergonomic}
     bool SegmentedCodeCache                       = true                                      {product} {ergonomic}
     intx TieredStopAtLevel                        = 1                                         {product} {command line}
     bool UseCompressedClassPointers               = true                                 {lp64_product} {ergonomic}
     bool UseCompressedOops                        = true                                 {lp64_product} {ergonomic}
     bool UseG1GC                                  = true                                      {product} {ergonomic}
     bool UseLargePagesIndividualAllocation        = false                                  {pd product} {ergonomic}

Logging:
Log output configuration:
 #0: stdout all=warning uptime,level,tags
 #1: stderr all=off uptime,level,tags

Environment Variables:
JAVA_HOME=C:\Program Files\Java\jdk-11.0.5
CLASSPATH=C:\Program Files\Java\jdk-11.0.5\lib
PATH=C:\Program Files\Java\jdk-11.0.5\bin;C:\Program Files\Java\apache-maven-3.6.3\bin;C:\Program Files (x86)\Common Files\Oracle\Java\javapath;C:\Program Files (x86)\NetSarang\Xftp 6\;C:\Program Files (x86)\NetSarang\Xshell 6\;C:\Perl64\site\bin;C:\Perl64\bin;C:\Windows\system32;C:\Windows;C:\Windows\System32\Wbem;C:\Windows\System32\WindowsPowerShell\v1.0\;C:\Windows\System32\OpenSSH\;C:\Program Files\dotnet\;C:\Program Files\Microsoft SQL Server\130\Tools\Binn\;C:\Program Files\Microsoft SQL Server\Client SDK\ODBC\170\Tools\Binn\;C:\Program Files\Git\cmd;C:\Software\lua-5.3.4_Win64_bin;C:\Beisen\Work\openresty-1.15.8.1-win64;C:\Beisen\luarocks-3.2.1-windows-32;C:\Software\lua-5.3.4_Win64_bin;C:\Program Files\Java\apache-maven-3.6.3\bin;C:\Users\TAO\AppData\Local\Microsoft\WindowsApps;;C:\Users\TAO\AppData\Local\Programs\Microsoft VS Code\bin
USERNAME=TAO
OS=Windows_NT
PROCESSOR_IDENTIFIER=Intel64 Family 6 Model 158 Stepping 10, GenuineIntel



---------------  S Y S T E M  ---------------

OS: Windows 10 , 64 bit Build 17134 (10.0.17134.753)

CPU:total 12 (initial active 12) (6 cores per cpu, 2 threads per core) family 6 model 158 stepping 10, cmov, cx8, fxsr, mmx, sse, sse2, sse3, ssse3, sse4.1, sse4.2, popcnt, avx, avx2, aes, clmul, erms, 3dnowpref, lzcnt, ht, tsc, tscinvbit, bmi1, bmi2, adx, fma

Memory: 4k page, system-wide physical 16276M (7100M free)
TotalPageFile size 22420M (AvailPageFile size 42M)
current process WorkingSet (physical memory assigned to process): 10M, peak: 10M
current process commit charge ("private bytes"): 62M, peak: 318M

vm_info: OpenJDK 64-Bit Server VM (11.0.3+12-b304.39) for windows-amd64 JRE (11.0.3+12-b304.39), built on Aug 14 2019 11:03:43 by "" with MS VC++ 14.0 (VS2015)

END.
